[debug] [2019-10-15T12:47:11.585Z] ----------------------------------------------------------------------
[debug] [2019-10-15T12:47:11.587Z] Command:       C:\Program Files\nodejs\node.exe C:\Users\ap2\AppData\Roaming\npm\node_modules\firebase-tools\lib\bin\firebase.js serve
[debug] [2019-10-15T12:47:11.588Z] CLI Version:   7.5.0
[debug] [2019-10-15T12:47:11.588Z] Platform:      win32
[debug] [2019-10-15T12:47:11.588Z] Node Version:  v10.16.3
[debug] [2019-10-15T12:47:11.589Z] Time:          Tue Oct 15 2019 19:47:11 GMT+0700 (GMT+07:00)
[debug] [2019-10-15T12:47:11.589Z] ----------------------------------------------------------------------
[debug] 
[debug] [2019-10-15T12:47:11.599Z] > command requires scopes: ["email","openid","https://www.googleapis.com/auth/cloudplatformprojects.readonly","https://www.googleapis.com/auth/firebase","https://www.googleapis.com/auth/cloud-platform"]
[debug] [2019-10-15T12:47:11.600Z] > authorizing via signed-in user
[debug] [2019-10-15T12:47:11.600Z] [iam] checking project food247-10746 for permissions ["firebase.projects.get"]
[debug] [2019-10-15T12:47:11.602Z] >>> HTTP REQUEST POST https://cloudresourcemanager.googleapis.com/v1/projects/food247-10746:testIamPermissions  

[debug] [2019-10-15T12:47:12.988Z] <<< HTTP RESPONSE 200
[debug] [2019-10-15T12:47:12.995Z] >>> HTTP REQUEST GET https://firebase.googleapis.com/v1beta1/projects/food247-10746  
 
[debug] [2019-10-15T12:47:13.515Z] <<< HTTP RESPONSE 200
[info] 
[info] === Serving from 'D:\Mobile\Monkey'...
[info] 
[debug] [2019-10-15T12:47:13.529Z] >>> HTTP REQUEST GET https://firebase.googleapis.com/v1beta1/projects/food247-10746/webApps/-/config  
 
[debug] [2019-10-15T12:47:14.251Z] <<< HTTP RESPONSE 200
[info] i  hosting: Serving hosting files from: public
[info] +  hosting: Local server: http://localhost:5000
